<?xml version="1.0" encoding="UTF-8"?>
<!-- Generated by org.testng.reporters.JUnitReportReporter -->
<testsuite hostname="DESKTOP-U9BEVS1" failures="0" tests="1" name="jenkins_practice.jenkins_practice.login" time="9.700" errors="0" timestamp="2020-05-26T15:03:16 IST" skipped="0">
  <testcase classname="jenkins_practice.jenkins_practice.login" name="log" time="9.700"/>
</testsuite> <!-- jenkins_practice.jenkins_practice.login -->
